<?xml version="1.0" encoding="UTF-8"?>
<testng-results skipped="0" failed="1" ignored="0" total="2" passed="1">
  <reporter-output>
  </reporter-output>
  <suite name="Default suite" duration-ms="59943" started-at="2020-11-23T14:54:27Z" finished-at="2020-11-23T14:55:27Z">
    <groups>
    </groups>
    <test name="Default test" duration-ms="59943" started-at="2020-11-23T14:54:27Z" finished-at="2020-11-23T14:55:27Z">
      <class name="io.selendroid.tests.RegisterUserTest">
        <test-method status="PASS" signature="startAppoumserver()[pri:0, instance:io.selendroid.tests.RegisterUserTest@cd2dae5]" name="startAppoumserver" is-config="true" duration-ms="7" started-at="2020-11-23T14:54:27Z" finished-at="2020-11-23T14:54:27Z">
          <reporter-output>
          </reporter-output>
        </test-method> <!-- startAppoumserver -->
        <test-method status="PASS" signature="LaunchApp()[pri:0, instance:io.selendroid.tests.RegisterUserTest@cd2dae5]" name="LaunchApp" is-config="true" duration-ms="20314" started-at="2020-11-23T14:54:27Z" finished-at="2020-11-23T14:54:47Z">
          <reporter-output>
          </reporter-output>
        </test-method> <!-- LaunchApp -->
        <test-method status="PASS" signature="registerUserTest(java.lang.String, java.lang.String, java.lang.String, java.lang.String)[pri:0, instance:io.selendroid.tests.RegisterUserTest@cd2dae5]" name="registerUserTest" duration-ms="23604" started-at="2020-11-23T14:54:48Z" data-provider="test-data" finished-at="2020-11-23T14:55:11Z">
          <params>
            <param index="0">
              <value>
                <![CDATA[veereshradder]]>
              </value>
            </param>
            <param index="1">
              <value>
                <![CDATA[abc@xyz.com]]>
              </value>
            </param>
            <param index="2">
              <value>
                <![CDATA[A@21word]]>
              </value>
            </param>
            <param index="3">
              <value>
                <![CDATA[veeresh]]>
              </value>
            </param>
          </params>
          <reporter-output>
          </reporter-output>
        </test-method> <!-- registerUserTest -->
        <test-method status="FAIL" signature="registerUserTest(java.lang.String, java.lang.String, java.lang.String, java.lang.String)[pri:0, instance:io.selendroid.tests.RegisterUserTest@cd2dae5]" name="registerUserTest" duration-ms="14731" started-at="2020-11-23T14:55:11Z" data-provider="test-data" finished-at="2020-11-23T14:55:26Z">
          <params>
            <param index="0">
              <value is-null="true"/>
            </param>
            <param index="1">
              <value is-null="true"/>
            </param>
            <param index="2">
              <value is-null="true"/>
            </param>
            <param index="3">
              <value is-null="true"/>
            </param>
          </params>
          <exception class="java.lang.IllegalArgumentException">
            <message>
              <![CDATA[Keys to send should be a not null CharSequence]]>
            </message>
            <full-stacktrace>
              <![CDATA[java.lang.IllegalArgumentException: Keys to send should be a not null CharSequence
at org.openqa.selenium.remote.RemoteWebElement.sendKeys(RemoteWebElement.java:97)
at sun.reflect.NativeMethodAccessorImpl.invoke0(Native Method)
at sun.reflect.NativeMethodAccessorImpl.invoke(Unknown Source)
at sun.reflect.DelegatingMethodAccessorImpl.invoke(Unknown Source)
at java.lang.reflect.Method.invoke(Unknown Source)
at io.appium.java_client.pagefactory.ElementInterceptor.getObject(ElementInterceptor.java:40)
at io.appium.java_client.pagefactory.interceptors.InterceptorOfASingleElement.intercept(InterceptorOfASingleElement.java:60)
at io.appium.java_client.android.AndroidElement$$EnhancerByCGLIB$$b598166c.sendKeys(<generated>)
at io.selendroid.pages.RegistrationPage.setUserNameTextbox(RegistrationPage.java:34)
at io.selendroid.tests.RegisterUserTest.registerUserTest(RegisterUserTest.java:34)
at sun.reflect.NativeMethodAccessorImpl.invoke0(Native Method)
at sun.reflect.NativeMethodAccessorImpl.invoke(Unknown Source)
at sun.reflect.DelegatingMethodAccessorImpl.invoke(Unknown Source)
at java.lang.reflect.Method.invoke(Unknown Source)
at org.testng.internal.MethodInvocationHelper.invokeMethod(MethodInvocationHelper.java:124)
at org.testng.internal.Invoker.invokeMethod(Invoker.java:583)
at org.testng.internal.Invoker.invokeTestMethod(Invoker.java:719)
at org.testng.internal.Invoker.invokeTestMethods(Invoker.java:989)
at org.testng.internal.TestMethodWorker.invokeTestMethods(TestMethodWorker.java:125)
at org.testng.internal.TestMethodWorker.run(TestMethodWorker.java:109)
at org.testng.TestRunner.privateRun(TestRunner.java:648)
at org.testng.TestRunner.run(TestRunner.java:505)
at org.testng.SuiteRunner.runTest(SuiteRunner.java:455)
at org.testng.SuiteRunner.runSequentially(SuiteRunner.java:450)
at org.testng.SuiteRunner.privateRun(SuiteRunner.java:415)
at org.testng.SuiteRunner.run(SuiteRunner.java:364)
at org.testng.SuiteRunnerWorker.runSuite(SuiteRunnerWorker.java:52)
at org.testng.SuiteRunnerWorker.run(SuiteRunnerWorker.java:84)
at org.testng.TestNG.runSuitesSequentially(TestNG.java:1208)
at org.testng.TestNG.runSuitesLocally(TestNG.java:1137)
at org.testng.TestNG.runSuites(TestNG.java:1049)
at org.testng.TestNG.run(TestNG.java:1017)
at org.testng.remote.AbstractRemoteTestNG.run(AbstractRemoteTestNG.java:115)
at org.testng.remote.RemoteTestNG.initAndRun(RemoteTestNG.java:251)
at org.testng.remote.RemoteTestNG.main(RemoteTestNG.java:77)
]]>
            </full-stacktrace>
          </exception> <!-- java.lang.IllegalArgumentException -->
          <reporter-output>
          </reporter-output>
        </test-method> <!-- registerUserTest -->
        <test-method status="PASS" signature="afterMethod()[pri:0, instance:io.selendroid.tests.RegisterUserTest@cd2dae5]" name="afterMethod" is-config="true" duration-ms="759" started-at="2020-11-23T14:55:26Z" finished-at="2020-11-23T14:55:27Z">
          <reporter-output>
          </reporter-output>
        </test-method> <!-- afterMethod -->
      </class> <!-- io.selendroid.tests.RegisterUserTest -->
    </test> <!-- Default test -->
  </suite> <!-- Default suite -->
</testng-results>
