<?xml version="1.0" encoding="UTF-8"?>
<!-- Generated by org.testng.reporters.JUnitXMLReporter -->
<testsuite hostname="WLW10-VIRESHNR" ignored="0" name="Selendrouid Test" tests="2" failures="1" timestamp="23 Nov 2020 16:51:58 GMT" time="38.198" errors="0">
  <testcase name="registerUserTest" time="21.983" classname="io.selendroid.tests.RegisterUserTest"/>
  <testcase name="registerUserTest" time="22.435" classname="io.selendroid.tests.RegisterUserTest">
    <failure type="java.lang.NullPointerException">
      <![CDATA[java.lang.NullPointerException
at io.selendroid.helper.ListenersImplimentation.onTestSuccess(ListenersImplimentation.java:28)
... Removed 26 stack frames]]>
    </failure>
  </testcase> <!-- registerUserTest -->
</testsuite> <!-- Selendrouid Test -->
